<?xml version="1.0" encoding="UTF-8"?>
<testng-results ignored="0" total="4" passed="4" failed="0" skipped="0">
  <reporter-output>
  </reporter-output>
  <suite started-at="2022-03-31T03:26:43Z" name="UrbanLadder" finished-at="2022-03-31T03:28:11Z" duration-ms="88093">
    <groups>
    </groups>
    <test started-at="2022-03-31T03:26:43Z" name="UrbanLadder_smokeTests_Chrome" finished-at="2022-03-31T03:27:32Z" duration-ms="48231">
      <class name="testsuite.UrbanTestingSmoke">
        <test-method signature="smokeTesting()[pri:0, instance:testsuite.UrbanTestingSmoke@67080771]" started-at="2022-03-31T03:26:53Z" name="smokeTesting" finished-at="2022-03-31T03:26:58Z" duration-ms="4843" status="PASS">
          <reporter-output>
          </reporter-output>
        </test-method> <!-- smokeTesting -->
      </class> <!-- testsuite.UrbanTestingSmoke -->
      <class name="base.Base">
        <test-method is-config="true" signature="Initialize(java.lang.String)[pri:0, instance:base.Base@1eb5174b]" started-at="2022-03-31T03:26:43Z" name="Initialize" finished-at="2022-03-31T03:26:53Z" duration-ms="10104" status="PASS">
          <params>
            <param index="0">
              <value>
                <![CDATA[chrome]]>
              </value>
            </param>
          </params>
          <reporter-output>
          </reporter-output>
        </test-method> <!-- Initialize -->
        <test-method is-config="true" signature="tearDown()[pri:0, instance:base.Base@1eb5174b]" started-at="2022-03-31T03:27:31Z" name="tearDown" finished-at="2022-03-31T03:27:32Z" duration-ms="743" status="PASS">
          <reporter-output>
          </reporter-output>
        </test-method> <!-- tearDown -->
      </class> <!-- base.Base -->
      <class name="testsuite.UrbanTestingRegression">
        <test-method signature="regressionTesting()[pri:0, instance:testsuite.UrbanTestingRegression@72cde7cc]" started-at="2022-03-31T03:26:58Z" name="regressionTesting" finished-at="2022-03-31T03:27:31Z" duration-ms="32511" status="PASS">
          <reporter-output>
          </reporter-output>
        </test-method> <!-- regressionTesting -->
      </class> <!-- testsuite.UrbanTestingRegression -->
    </test> <!-- UrbanLadder_smokeTests_Chrome -->
    <test started-at="2022-03-31T03:27:32Z" name="UrbanLadder_smokeTests_Edge" finished-at="2022-03-31T03:28:11Z" duration-ms="39840">
      <class name="testsuite.UrbanTestingSmoke">
        <test-method signature="smokeTesting()[pri:0, instance:testsuite.UrbanTestingSmoke@223aa2f7]" started-at="2022-03-31T03:27:36Z" name="smokeTesting" finished-at="2022-03-31T03:27:40Z" duration-ms="3909" status="PASS">
          <reporter-output>
          </reporter-output>
        </test-method> <!-- smokeTesting -->
      </class> <!-- testsuite.UrbanTestingSmoke -->
      <class name="base.Base">
        <test-method is-config="true" signature="setUP()[pri:0, instance:base.Base@50ad3bc1]" started-at="2022-03-31T03:26:43Z" name="setUP" finished-at="2022-03-31T03:26:43Z" duration-ms="201" status="PASS">
          <reporter-output>
          </reporter-output>
        </test-method> <!-- setUP -->
        <test-method is-config="true" signature="Initialize(java.lang.String)[pri:0, instance:base.Base@50ad3bc1]" started-at="2022-03-31T03:27:32Z" name="Initialize" finished-at="2022-03-31T03:27:36Z" duration-ms="4128" status="PASS">
          <params>
            <param index="0">
              <value>
                <![CDATA[edge]]>
              </value>
            </param>
          </params>
          <reporter-output>
          </reporter-output>
        </test-method> <!-- Initialize -->
        <test-method is-config="true" signature="tearDown()[pri:0, instance:base.Base@50ad3bc1]" started-at="2022-03-31T03:28:11Z" name="tearDown" finished-at="2022-03-31T03:28:11Z" duration-ms="595" status="PASS">
          <reporter-output>
          </reporter-output>
        </test-method> <!-- tearDown -->
      </class> <!-- base.Base -->
      <class name="testsuite.UrbanTestingRegression">
        <test-method signature="regressionTesting()[pri:0, instance:testsuite.UrbanTestingRegression@6d3a388c]" started-at="2022-03-31T03:27:40Z" name="regressionTesting" finished-at="2022-03-31T03:28:11Z" duration-ms="31200" status="PASS">
          <reporter-output>
          </reporter-output>
        </test-method> <!-- regressionTesting -->
      </class> <!-- testsuite.UrbanTestingRegression -->
    </test> <!-- UrbanLadder_smokeTests_Edge -->
  </suite> <!-- UrbanLadder -->
</testng-results>
