<?xml version="1.0" encoding="UTF-8"?>
<!-- Generated by org.testng.reporters.JUnitXMLReporter -->
<testsuite ignored="0" hostname="INDHYDELPTMP046" failures="0" tests="2" name="UrbanLadder_smokeTests_Edge" time="39.84" errors="0" timestamp="31 Mar 2022 03:28:11 GMT">
  <testcase classname="testsuite.UrbanTestingSmoke" name="smokeTesting" time="3.909"/>
  <testcase classname="testsuite.UrbanTestingRegression" name="regressionTesting" time="31.2"/>
</testsuite> <!-- UrbanLadder_smokeTests_Edge -->
