<?xml version="1.0" encoding="UTF-8"?>
<!-- Generated by org.testng.reporters.JUnitXMLReporter -->
<testsuite ignored="0" hostname="INDHYDELPTMP046" failures="0" tests="2" name="UrbanLadder_smokeTests_Chrome" time="48.231" errors="0" timestamp="31 Mar 2022 03:27:32 GMT">
  <testcase classname="testsuite.UrbanTestingSmoke" name="smokeTesting" time="4.843"/>
  <testcase classname="testsuite.UrbanTestingRegression" name="regressionTesting" time="32.511"/>
</testsuite> <!-- UrbanLadder_smokeTests_Chrome -->
